openbp-common\src\main\java\org\openbp\common\logger\LogUtil.java(68, col 41): Unexpected "<"
openbp-common\src\main\java\org\openbp\common\util\ByteArrayUtil.java(175, col 35): Unexpected ":"
openbp-server\src\main\java\org\openbp\server\context\CallStackImpl.java(438, col 17): Lexical error (encountered "@" (64), after "")
openbp-server\src\main\java\org\openbp\server\context\CriteriaBase.java(30, col 20): Unexpected "<"
openbp-server\src\main\java\org\openbp\server\context\PersistentTokenContextService.java(602, col 30): Unexpected "<"
openbp-server\src\main\java\org\openbp\server\context\TransientTokenContextService.java(431, col 30): Unexpected "<"
openbp-server\src\main\java\org\openbp\server\engine\script\ScriptEngineFactoryImpl.java(41, col 40): Unexpected "<"
openbp-server\src\main\java\org\openbp\server\persistence\BasicPersistenceContextProvider.java(41, col 22): Unexpected "<"
openbp-server\src\main\java\org\openbp\server\persistence\DeferedOnLoadCollection.java(133, col 9): Lexical error (encountered "@" (64), after "")
openbp-server-hib\src\main\java\org\openbp\server\model\modelmgr\hibernate\HibernateDbModelJarFile.java(61, col 9): Lexical error (encountered "@" (64), after "")
openbp-common\src\main\java\org\openbp\common\ReflectUtil.java(352): Missing argument for @see/@copy tag.
openbp-common\src\main\java\org\openbp\common\ReflectUtil.java(352): Missing argument for @see/@copy tag.
openbp-common\src\main\java\org\openbp\common\ReflectUtil.java(400): Missing argument for @see/@copy tag.
openbp-common\src\main\java\org\openbp\common\ReflectUtil.java(400): Missing argument for @see/@copy tag.
openbp-common\src\main\java\org\openbp\common\ReflectUtil.java(490): Missing argument for @see/@copy tag.
openbp-common\src\main\java\org\openbp\common\ReflectUtil.java(518): Missing argument for @see/@copy tag.
openbp-common\src\main\java\org\openbp\common\application\Application.java(35): Missing argument for @see/@copy tag.
openbp-common\src\main\java\org\openbp\common\application\Application.java(90): Missing argument for @see/@copy tag.
openbp-common\src\main\java\org\openbp\common\application\Application.java(281): Missing argument for @see/@copy tag.
openbp-common\src\main\java\org\openbp\common\classloader\BinaryResourceSpec.java(25): Missing argument for @see/@copy tag.
openbp-common\src\main\java\org\openbp\common\classloader\XClassLoaderBase.java(111): Missing argument for @see/@copy tag.
openbp-common\src\main\java\org\openbp\common\commandline\CommandLineParser.java(36): Missing argument for @see/@copy tag.
openbp-common\src\main\java\org\openbp\common\commandline\CommandLineParser.java(36): Missing argument for @see/@copy tag.
openbp-common\src\main\java\org\openbp\common\dump\Dumper.java(107): Missing argument for @see/@copy tag.
openbp-common\src\main\java\org\openbp\common\dump\Dumper.java(123): Missing argument for @see/@copy tag.
openbp-common\src\main\java\org\openbp\common\dump\Dumper.java(141): Missing argument for @see/@copy tag.
openbp-common\src\main\java\org\openbp\common\generic\description\DescriptionObjectImpl.java(200): Missing argument for @see/@copy tag.
openbp-common\src\main\java\org\openbp\common\generic\description\DescriptionObjectImpl.java(228): Missing argument for @see/@copy tag.
openbp-common\src\main\java\org\openbp\common\generic\description\DescriptionObjectImpl.java(250): Missing argument for @see/@copy tag.
openbp-common\src\main\java\org\openbp\common\generic\description\DisplayObjectImpl.java(118): Missing argument for @see/@copy tag.
openbp-common\src\main\java\org\openbp\common\generic\description\DescriptionObject.java(68): Missing argument for @see/@copy tag.
openbp-common\src\main\java\org\openbp\common\generic\description\DescriptionObject.java(75): Missing argument for @see/@copy tag.
openbp-common\src\main\java\org\openbp\common\generic\msgcontainer\MsgItem.java(91): Missing argument for @see/@copy tag.
openbp-common\src\main\java\org\openbp\common\generic\msgcontainer\StandardMsgContainer.java(32): Missing argument for @see/@copy tag.
openbp-common\src\main\java\org\openbp\common\generic\propertybrowser\ObjectDescriptorMgr.java(53): Missing argument for @see/@copy tag.
openbp-common\src\main\java\org\openbp\common\generic\propertybrowser\ObjectDescriptorMgr.java(56): Missing argument for @see/@copy tag.
openbp-common\src\main\java\org\openbp\common\generic\propertybrowser\ObjectDescriptorMgr.java(146): Missing argument for @see/@copy tag.
openbp-common\src\main\java\org\openbp\common\generic\propertybrowser\ObjectDescriptorMgr.java(146): Missing argument for @see/@copy tag.
openbp-common\src\main\java\org\openbp\common\generic\propertybrowser\ObjectDescriptorMgr.java(331): Missing argument for @see/@copy tag.
openbp-common\src\main\java\org\openbp\common\generic\propertybrowser\ObjectDescriptorMgr.java(67): Missing argument for @see/@copy tag.
openbp-common\src\main\java\org\openbp\common\generic\propertybrowser\ObjectDescriptorMgr.java(75): Missing argument for @see/@copy tag.
openbp-common\src\main\java\org\openbp\common\generic\propertybrowser\ObjectDescriptorMgr.java(78): Missing argument for @see/@copy tag.
openbp-common\src\main\java\org\openbp\common\generic\propertybrowser\ObjectDescriptorMgr.java(78): Missing argument for @see/@copy tag.
openbp-common\src\main\java\org\openbp\common\generic\taggedvalue\TaggedValue.java(119): Missing argument for @see/@copy tag.
openbp-common\src\main\java\org\openbp\common\io\FileUtil.java(83): Missing argument for @see/@copy tag.
openbp-common\src\main\java\org\openbp\common\io\FileUtil.java(83): Missing argument for @see/@copy tag.
openbp-common\src\main\java\org\openbp\common\io\FileUtil.java(83): Missing argument for @see/@copy tag.
openbp-common\src\main\java\org\openbp\common\io\FileUtil.java(480): Missing argument for @see/@copy tag.
openbp-common\src\main\java\org\openbp\common\io\FileUtil.java(41): Missing argument for @see/@copy tag.
openbp-common\src\main\java\org\openbp\common\io\FileUtil.java(44): Missing argument for @see/@copy tag.
openbp-common\src\main\java\org\openbp\common\io\FileUtil.java(47): Missing argument for @see/@copy tag.
openbp-common\src\main\java\org\openbp\common\listener\ListenerSupport.java(29): Missing argument for @see/@copy tag.
openbp-common\src\main\java\org\openbp\common\listener\ListenerSupport.java(30): Missing argument for @see/@copy tag.
openbp-common\src\main\java\org\openbp\common\listener\ListenerSupport.java(37): Missing argument for @see/@copy tag.
openbp-common\src\main\java\org\openbp\common\listener\ListenerSupport.java(49): Missing argument for @see/@copy tag.
openbp-common\src\main\java\org\openbp\common\listener\ListenerSupport.java(347): Missing argument for @see/@copy tag.
openbp-common\src\main\java\org\openbp\common\listener\ListenerSupport.java(347): Missing argument for @see/@copy tag.
openbp-common\src\main\java\org\openbp\common\listener\ListenerSupport.java(347): Missing argument for @see/@copy tag.
openbp-common\src\main\java\org\openbp\common\listener\ListenerSupport.java(349): Missing argument for @see/@copy tag.
openbp-common\src\main\java\org\openbp\common\logger\log4j\LoggingOutputStream.java(47): Missing argument for @see/@copy tag.
openbp-common\src\main\java\org\openbp\common\markup\XMLUtil.java(282): Missing argument for @see/@copy tag.
openbp-common\src\main\java\org\openbp\common\markup\XMLUtil.java(386): Missing argument for @see/@copy tag.
openbp-common\src\main\java\org\openbp\common\markup\XMLUtil.java(409): Missing argument for @see/@copy tag.
openbp-common\src\main\java\org\openbp\common\rc\ResourceCollectionMgr.java(325): Missing argument for @see/@copy tag.
openbp-common\src\main\java\org\openbp\common\setting\PropertyFileProvider.java(39): Missing argument for @see/@copy tag.
openbp-common\src\main\java\org\openbp\common\setting\PropertyFileProvider.java(41): Missing argument for @see/@copy tag.
openbp-common\src\main\java\org\openbp\common\setting\PropertyFileProvider.java(255): Missing argument for @see/@copy tag.
openbp-common\src\main\java\org\openbp\common\setting\PropertyFileProvider.java(349): Missing argument for @see/@copy tag.
openbp-common\src\main\java\org\openbp\common\setting\SettingResolver.java(45): Missing argument for @see/@copy tag.
openbp-common\src\main\java\org\openbp\common\setting\SettingUtil.java(32): Missing argument for @see/@copy tag.
openbp-common\src\main\java\org\openbp\common\setting\SettingUtil.java(33): Missing argument for @see/@copy tag.
openbp-common\src\main\java\org\openbp\common\setting\SettingUtil.java(34): Missing argument for @see/@copy tag.
openbp-common\src\main\java\org\openbp\common\setting\SettingUtil.java(37): Missing argument for @see/@copy tag.
openbp-common\src\main\java\org\openbp\common\setting\SettingUtil.java(38): Missing argument for @see/@copy tag.
openbp-common\src\main\java\org\openbp\common\setting\SettingUtil.java(39): Missing argument for @see/@copy tag.
openbp-common\src\main\java\org\openbp\common\setting\SettingUtil.java(46): Missing argument for @see/@copy tag.
openbp-common\src\main\java\org\openbp\common\setting\SettingProvider.java(60): Missing argument for @see/@copy tag.
openbp-common\src\main\java\org\openbp\common\string\StringUtil.java(61): Missing argument for @see/@copy tag.
openbp-common\src\main\java\org\openbp\common\string\StringUtil.java(503): Missing argument for @see/@copy tag.
openbp-common\src\main\java\org\openbp\common\string\parser\StringParser.java(309): Missing argument for @see/@copy tag.
openbp-common\src\main\java\org\openbp\common\string\parser\StringParser.java(319): Missing argument for @see/@copy tag.
openbp-common\src\main\java\org\openbp\common\string\parser\StringParser.java(760): Missing argument for @see/@copy tag.
openbp-common\src\main\java\org\openbp\common\string\shellmatcher\ShellMatcher.java(20): Missing argument for @see/@copy tag.
openbp-common\src\main\java\org\openbp\common\util\CopyUtil.java(230): Missing argument for @see/@copy tag.
openbp-common\src\main\java\org\openbp\common\util\CopyUtil.java(230): Missing argument for @see/@copy tag.
openbp-common\src\main\java\org\openbp\common\util\CopyUtil.java(230): Missing argument for @see/@copy tag.
openbp-common\src\main\java\org\openbp\common\util\CopyUtil.java(270): Missing argument for @see/@copy tag.
openbp-common\src\main\java\org\openbp\common\util\CopyUtil.java(270): Missing argument for @see/@copy tag.
openbp-common\src\main\java\org\openbp\common\util\CopyUtil.java(270): Missing argument for @see/@copy tag.
openbp-common\src\main\java\org\openbp\common\util\CopyUtil.java(270): Missing argument for @see/@copy tag.
openbp-common\src\main\java\org\openbp\common\util\CopyUtil.java(45): Missing argument for @see/@copy tag.
openbp-common\src\main\java\org\openbp\common\util\CopyUtil.java(45): Missing argument for @see/@copy tag.
openbp-common\src\main\java\org\openbp\common\util\CopyUtil.java(51): Missing argument for @see/@copy tag.
openbp-common\src\main\java\org\openbp\common\util\CopyUtil.java(57): Missing argument for @see/@copy tag.
openbp-common\src\main\java\org\openbp\common\util\CopyUtil.java(57): Missing argument for @see/@copy tag.
openbp-common\src\main\java\org\openbp\common\util\CopyUtil.java(63): Missing argument for @see/@copy tag.
openbp-common\src\main\java\org\openbp\common\util\CopyUtil.java(63): Missing argument for @see/@copy tag.
openbp-common\src\main\java\org\openbp\common\util\DateComparator.java(82): Missing argument for @see/@copy tag.
openbp-common\src\main\java\org\openbp\common\util\DateComparator.java(83): Missing argument for @see/@copy tag.
openbp-common\src\main\java\org\openbp\common\util\DateComparator.java(84): Missing argument for @see/@copy tag.
openbp-common\src\main\java\org\openbp\common\util\DateComparator.java(85): Missing argument for @see/@copy tag.
openbp-common\src\main\java\org\openbp\common\util\DateComparator.java(86): Missing argument for @see/@copy tag.
openbp-common\src\main\java\org\openbp\common\util\DateComparator.java(87): Missing argument for @see/@copy tag.
openbp-common\src\main\java\org\openbp\common\util\SortingArrayList.java(27): Missing argument for @see/@copy tag.
openbp-common\src\main\java\org\openbp\common\util\SortingArrayList.java(28): Missing argument for @see/@copy tag.
openbp-common\src\main\java\org\openbp\common\util\SortingArrayList.java(31): Missing argument for @see/@copy tag.
openbp-common\src\main\java\org\openbp\common\util\ToStringHelper.java(88): Missing argument for @see/@copy tag.
openbp-common\src\main\java\org\openbp\common\util\ToStringHelper.java(98): Missing argument for @see/@copy tag.
openbp-common\src\main\java\org\openbp\common\util\ToStringHelper.java(108): Missing argument for @see/@copy tag.
openbp-common\src\main\java\org\openbp\common\util\ToStringHelper.java(118): Missing argument for @see/@copy tag.
openbp-common\src\main\java\org\openbp\common\util\ToStringHelper.java(128): Missing argument for @see/@copy tag.
openbp-common\src\main\java\org\openbp\common\util\ToStringHelper.java(138): Missing argument for @see/@copy tag.
openbp-common\src\main\java\org\openbp\common\util\WeakArrayList.java(28): Missing argument for @see/@copy tag.
openbp-common\src\main\java\org\openbp\common\util\WeakArrayList.java(30): Missing argument for @see/@copy tag.
openbp-common\src\main\java\org\openbp\common\util\WeakArrayList.java(34): Missing argument for @see/@copy tag.
openbp-common\src\main\java\org\openbp\common\util\WeakArrayList.java(41): Missing argument for @see/@copy tag.
openbp-common\src\main\java\org\openbp\common\util\iterator\EmptyEnumeration.java(22): Missing argument for @see/@copy tag.
openbp-common\src\main\java\org\openbp\common\util\iterator\EmptyIterator.java(22): Missing argument for @see/@copy tag.
openbp-core\src\main\java\org\openbp\core\engine\debugger\Breakpoint.java(112): Missing argument for @see/@copy tag.
openbp-core\src\main\java\org\openbp\core\engine\debugger\Breakpoint.java(112): Missing argument for @see/@copy tag.
openbp-core\src\main\java\org\openbp\core\engine\debugger\Breakpoint.java(112): Missing argument for @see/@copy tag.
openbp-core\src\main\java\org\openbp\core\engine\debugger\Breakpoint.java(121): Missing argument for @see/@copy tag.
openbp-core\src\main\java\org\openbp\core\engine\debugger\Breakpoint.java(121): Missing argument for @see/@copy tag.
openbp-core\src\main\java\org\openbp\core\engine\debugger\Breakpoint.java(121): Missing argument for @see/@copy tag.
openbp-core\src\main\java\org\openbp\core\engine\debugger\Breakpoint.java(130): Missing argument for @see/@copy tag.
openbp-core\src\main\java\org\openbp\core\engine\debugger\Breakpoint.java(130): Missing argument for @see/@copy tag.
openbp-core\src\main\java\org\openbp\core\engine\debugger\Breakpoint.java(130): Missing argument for @see/@copy tag.
openbp-core\src\main\java\org\openbp\core\engine\debugger\Breakpoint.java(69): Missing argument for @see/@copy tag.
openbp-core\src\main\java\org\openbp\core\engine\debugger\Breakpoint.java(69): Missing argument for @see/@copy tag.
openbp-core\src\main\java\org\openbp\core\engine\debugger\DebuggerService.java(81): Missing argument for @see/@copy tag.
openbp-core\src\main\java\org\openbp\core\engine\debugger\DebuggerService.java(166): Missing argument for @see/@copy tag.
openbp-core\src\main\java\org\openbp\core\engine\debugger\DebuggerService.java(190): Missing argument for @see/@copy tag.
openbp-core\src\main\java\org\openbp\core\engine\debugger\DebuggerService.java(190): Missing argument for @see/@copy tag.
openbp-core\src\main\java\org\openbp\core\engine\debugger\DebuggerService.java(190): Missing argument for @see/@copy tag.
openbp-core\src\main\java\org\openbp\core\engine\debugger\DebuggerService.java(190): Missing argument for @see/@copy tag.
openbp-core\src\main\java\org\openbp\core\engine\debugger\DebuggerService.java(199): Missing argument for @see/@copy tag.
openbp-core\src\main\java\org\openbp\core\engine\debugger\DebuggerService.java(199): Missing argument for @see/@copy tag.
openbp-core\src\main\java\org\openbp\core\engine\debugger\DebuggerService.java(199): Missing argument for @see/@copy tag.
openbp-core\src\main\java\org\openbp\core\engine\debugger\DebuggerService.java(199): Missing argument for @see/@copy tag.
openbp-core\src\main\java\org\openbp\core\handler\HandlerDefinition.java(126): Missing argument for @see/@copy tag.
openbp-core\src\main\java\org\openbp\core\model\Association.java(44): Missing argument for @see/@copy tag.
openbp-core\src\main\java\org\openbp\core\model\ModelImpl.java(749): Missing argument for @see/@copy tag.
openbp-core\src\main\java\org\openbp\core\model\ModelImpl.java(763): Missing argument for @see/@copy tag.
openbp-core\src\main\java\org\openbp\core\model\ModelObjectImpl.java(407): Missing argument for @see/@copy tag.
openbp-core\src\main\java\org\openbp\core\model\ModelObjectImpl.java(417): Missing argument for @see/@copy tag.
openbp-core\src\main\java\org\openbp\core\model\ModelObjectImpl.java(581): Missing argument for @see/@copy tag.
openbp-core\src\main\java\org\openbp\core\model\ModelQualifier.java(435): Missing argument for @see/@copy tag.
openbp-core\src\main\java\org\openbp\core\model\Model.java(226): Missing argument for @see/@copy tag.
openbp-core\src\main\java\org\openbp\core\model\Model.java(237): Missing argument for @see/@copy tag.
openbp-core\src\main\java\org\openbp\core\model\ModelObject.java(296): Missing argument for @see/@copy tag.
openbp-core\src\main\java\org\openbp\core\model\ModelObject.java(42): Missing argument for @see/@copy tag.
openbp-core\src\main\java\org\openbp\core\model\ModelObject.java(45): Missing argument for @see/@copy tag.
openbp-core\src\main\java\org\openbp\core\model\ModelObject.java(48): Missing argument for @see/@copy tag.
openbp-core\src\main\java\org\openbp\core\model\ModelObject.java(51): Missing argument for @see/@copy tag.
openbp-core\src\main\java\org\openbp\core\model\ModelObject.java(54): Missing argument for @see/@copy tag.
openbp-core\src\main\java\org\openbp\core\model\ModelObject.java(58): Missing argument for @see/@copy tag.
openbp-core\src\main\java\org\openbp\core\model\ModelObject.java(63): Missing argument for @see/@copy tag.
openbp-core\src\main\java\org\openbp\core\model\ModelObject.java(66): Missing argument for @see/@copy tag.
openbp-core\src\main\java\org\openbp\core\model\item\ItemImpl.java(139): Missing argument for @see/@copy tag.
openbp-core\src\main\java\org\openbp\core\model\item\ItemImpl.java(206): Missing argument for @see/@copy tag.
openbp-core\src\main\java\org\openbp\core\model\item\ItemImpl.java(305): Missing argument for @see/@copy tag.
openbp-core\src\main\java\org\openbp\core\model\item\ItemImpl.java(319): Missing argument for @see/@copy tag.
openbp-core\src\main\java\org\openbp\core\model\item\ItemTypeDescriptor.java(326): Missing argument for @see/@copy tag.
openbp-core\src\main\java\org\openbp\core\model\item\ItemTypeRegistry.java(174): Missing argument for @see/@copy tag.
openbp-core\src\main\java\org\openbp\core\model\item\ItemTypeRegistry.java(174): Missing argument for @see/@copy tag.
openbp-core\src\main\java\org\openbp\core\model\item\ItemTypeRegistry.java(174): Missing argument for @see/@copy tag.
openbp-core\src\main\java\org\openbp\core\model\item\ItemTypeRegistry.java(194): Missing argument for @see/@copy tag.
openbp-core\src\main\java\org\openbp\core\model\item\ItemTypeRegistry.java(194): Missing argument for @see/@copy tag.
openbp-core\src\main\java\org\openbp\core\model\item\ItemTypeRegistry.java(194): Missing argument for @see/@copy tag.
openbp-core\src\main\java\org\openbp\core\model\item\ItemTypeRegistry.java(46): Missing argument for @see/@copy tag.
openbp-core\src\main\java\org\openbp\core\model\item\ItemTypeRegistry.java(49): Missing argument for @see/@copy tag.
openbp-core\src\main\java\org\openbp\core\model\item\ItemTypeRegistry.java(52): Missing argument for @see/@copy tag.
openbp-core\src\main\java\org\openbp\core\model\item\Item.java(36): Missing argument for @see/@copy tag.
openbp-core\src\main\java\org\openbp\core\model\item\Item.java(70): Missing argument for @see/@copy tag.
openbp-core\src\main\java\org\openbp\core\model\item\Item.java(81): Missing argument for @see/@copy tag.
openbp-core\src\main\java\org\openbp\core\model\item\process\ProcessItemImpl.java(514): Missing argument for @see/@copy tag.
openbp-core\src\main\java\org\openbp\core\model\item\process\ControlLink.java(208): Missing argument for @see/@copy tag.
openbp-core\src\main\java\org\openbp\core\model\item\process\ControlLink.java(208): Missing argument for @see/@copy tag.
openbp-core\src\main\java\org\openbp\core\model\item\process\ControlLink.java(208): Missing argument for @see/@copy tag.
openbp-core\src\main\java\org\openbp\core\model\item\process\ControlLink.java(208): Missing argument for @see/@copy tag.
openbp-core\src\main\java\org\openbp\core\model\item\process\ControlLink.java(208): Missing argument for @see/@copy tag.
openbp-core\src\main\java\org\openbp\core\model\item\process\ControlLink.java(208): Missing argument for @see/@copy tag.
openbp-core\src\main\java\org\openbp\core\model\item\process\ControlLink.java(214): Missing argument for @see/@copy tag.
openbp-core\src\main\java\org\openbp\core\model\item\process\ControlLink.java(214): Missing argument for @see/@copy tag.
openbp-core\src\main\java\org\openbp\core\model\item\process\ControlLink.java(214): Missing argument for @see/@copy tag.
openbp-core\src\main\java\org\openbp\core\model\item\process\ControlLink.java(214): Missing argument for @see/@copy tag.
openbp-core\src\main\java\org\openbp\core\model\item\process\ControlLink.java(214): Missing argument for @see/@copy tag.
openbp-core\src\main\java\org\openbp\core\model\item\process\ControlLink.java(214): Missing argument for @see/@copy tag.
openbp-core\src\main\java\org\openbp\core\model\item\process\NodeParam.java(77): Missing argument for @see/@copy tag.
openbp-core\src\main\java\org\openbp\core\model\item\process\NodeParam.java(77): Missing argument for @see/@copy tag.
openbp-core\src\main\java\org\openbp\core\model\item\process\NodeParam.java(83): Missing argument for @see/@copy tag.
openbp-core\src\main\java\org\openbp\core\model\item\process\NodeParam.java(83): Missing argument for @see/@copy tag.
openbp-core\src\main\java\org\openbp\core\model\item\process\ProcessItem.java(81): Missing argument for @see/@copy tag.
openbp-core\src\main\java\org\openbp\core\model\item\process\ProcessVariable.java(49): Missing argument for @see/@copy tag.
openbp-core\src\main\java\org\openbp\core\model\item\process\ProcessVariable.java(49): Missing argument for @see/@copy tag.
openbp-core\src\main\java\org\openbp\core\model\item\process\ProcessVariable.java(55): Missing argument for @see/@copy tag.
openbp-core\src\main\java\org\openbp\core\model\item\process\ProcessVariable.java(55): Missing argument for @see/@copy tag.
openbp-core\src\main\java\org\openbp\core\model\item\type\ComplexTypeItemImpl.java(425): Missing argument for @see/@copy tag.
openbp-core\src\main\java\org\openbp\core\model\item\type\ComplexTypeItem.java(52): Missing argument for @see/@copy tag.
openbp-core\src\main\java\org\openbp\core\model\item\type\ComplexTypeItem.java(54): Missing argument for @see/@copy tag.
openbp-core\src\main\java\org\openbp\core\model\modelinspection\WorkflowProcessDescriptor.java(257): Missing argument for @see/@copy tag.
openbp-core\src\main\java\org\openbp\core\model\modelinspection\WorkflowProcessDescriptor.java(267): Missing argument for @see/@copy tag.
openbp-core\src\main\java\org\openbp\core\model\modelinspection\WorkflowProcessDescriptor.java(283): Missing argument for @see/@copy tag.
openbp-core\src\main\java\org\openbp\core\model\modelinspection\WorkflowStepDescriptor.java(211): Missing argument for @see/@copy tag.
openbp-core\src\main\java\org\openbp\core\model\modelinspection\WorkflowStepDescriptor.java(240): Missing argument for @see/@copy tag.
openbp-core\src\main\java\org\openbp\core\model\modelmgr\MultiplexModelMgr.java(273): Missing argument for @see/@copy tag.
openbp-core\src\main\java\org\openbp\core\model\modelmgr\NonDelegatingModelMgrBase.java(337): Missing argument for @see/@copy tag.
openbp-core\src\main\java\org\openbp\core\model\modelmgr\ModelMgr.java(197): Missing argument for @see/@copy tag.
openbp-core\src\main\java\org\openbp\core\model\modelmgr\ModelNotificationService.java(50): Missing argument for @see/@copy tag.
openbp-core\src\main\java\org\openbp\core\model\modelmgr\ModelNotificationService.java(50): Missing argument for @see/@copy tag.
openbp-core\src\main\java\org\openbp\core\model\modelmgr\ModelNotificationService.java(50): Missing argument for @see/@copy tag.
openbp-core\src\main\java\org\openbp\core\uiadapter\UIAdapterDescriptor.java(40): Missing argument for @see/@copy tag.
openbp-server\src\main\java\org\openbp\server\ProcessFacadeImpl.java(56): Missing argument for @see/@copy tag.
openbp-server\src\main\java\org\openbp\server\ProcessFacadeImpl.java(108): Missing argument for @see/@copy tag.
openbp-server\src\main\java\org\openbp\server\ProcessFacadeImpl.java(126): Missing argument for @see/@copy tag.
openbp-server\src\main\java\org\openbp\server\ProcessFacadeImpl.java(162): Missing argument for @see/@copy tag.
openbp-server\src\main\java\org\openbp\server\ProcessServer.java(46): Missing argument for @see/@copy tag.
openbp-server\src\main\java\org\openbp\server\ProcessServerFactory.java(42): Missing argument for @see/@copy tag.
openbp-server\src\main\java\org\openbp\server\ProcessFacade.java(20): Missing argument for @see/@copy tag.
openbp-server\src\main\java\org\openbp\server\ProcessFacade.java(20): Missing argument for @see/@copy tag.
openbp-server\src\main\java\org\openbp\server\ProcessFacade.java(20): Missing argument for @see/@copy tag.
openbp-server\src\main\java\org\openbp\server\ProcessFacade.java(21): Missing argument for @see/@copy tag.
openbp-server\src\main\java\org\openbp\server\ProcessFacade.java(34): Missing argument for @see/@copy tag.
openbp-server\src\main\java\org\openbp\server\ProcessFacade.java(73): Missing argument for @see/@copy tag.
openbp-server\src\main\java\org\openbp\server\context\SessionAwarePersistentTokenContextService.java(24): Missing argument for @see/@copy tag.
openbp-server\src\main\java\org\openbp\server\context\SessionRegistryImpl.java(140): Missing argument for @see/@copy tag.
openbp-server\src\main\java\org\openbp\server\context\WorkflowTaskImpl.java(181): Missing argument for @see/@copy tag.
openbp-server\src\main\java\org\openbp\server\context\WorkflowTaskImpl.java(428): Missing argument for @see/@copy tag.
openbp-server\src\main\java\org\openbp\server\context\WorkflowTaskImpl.java(451): Missing argument for @see/@copy tag.
openbp-server\src\main\java\org\openbp\server\context\CallStackItem.java(36): Missing argument for @see/@copy tag.
openbp-server\src\main\java\org\openbp\server\context\CallStackItem.java(41): Missing argument for @see/@copy tag.
openbp-server\src\main\java\org\openbp\server\context\TokenContext.java(172): Missing argument for @see/@copy tag.
openbp-server\src\main\java\org\openbp\server\context\TokenContextService.java(25): Unknown class: PersistentTokenContextService.
openbp-server\src\main\java\org\openbp\server\context\TokenContextService.java(26): Unknown class: TransientTokenContextService.
openbp-server\src\main\java\org\openbp\server\engine\AutoCommittingEngineImpl.java(24): Missing argument for @see/@copy tag.
openbp-server\src\main\java\org\openbp\server\engine\AutoCommittingEngineImpl.java(24): Missing argument for @see/@copy tag.
openbp-server\src\main\java\org\openbp\server\engine\AutoCommittingEngineImpl.java(25): Missing argument for @see/@copy tag.
openbp-server\src\main\java\org\openbp\server\engine\EngineEvent.java(140): Missing argument for @see/@copy tag.
openbp-server\src\main\java\org\openbp\server\engine\EngineEvent.java(150): Missing argument for @see/@copy tag.
openbp-server\src\main\java\org\openbp\server\engine\EngineExceptionHandlerEvent.java(23): Missing argument for @see/@copy tag.
openbp-server\src\main\java\org\openbp\server\engine\EngineExceptionHandlerEvent.java(25): Missing argument for @see/@copy tag.
openbp-server\src\main\java\org\openbp\server\engine\EngineExceptionHandlerEvent.java(26): Missing argument for @see/@copy tag.
openbp-server\src\main\java\org\openbp\server\engine\EngineExceptionHandlerEvent.java(28): Missing argument for @see/@copy tag.
openbp-server\src\main\java\org\openbp\server\engine\EngineExceptionHandlerEvent.java(131): Missing argument for @see/@copy tag.
openbp-server\src\main\java\org\openbp\server\engine\EngineExceptionHandlerEvent.java(131): Missing argument for @see/@copy tag.
openbp-server\src\main\java\org\openbp\server\engine\EngineExceptionHandlerEvent.java(131): Missing argument for @see/@copy tag.
openbp-server\src\main\java\org\openbp\server\engine\EngineExceptionHandlerEvent.java(140): Missing argument for @see/@copy tag.
openbp-server\src\main\java\org\openbp\server\engine\EngineExceptionHandlerEvent.java(140): Missing argument for @see/@copy tag.
openbp-server\src\main\java\org\openbp\server\engine\EngineExceptionHandlerEvent.java(140): Missing argument for @see/@copy tag.
openbp-server\src\main\java\org\openbp\server\engine\EngineImpl.java(53): Missing argument for @see/@copy tag.
openbp-server\src\main\java\org\openbp\server\engine\EngineImpl.java(53): Missing argument for @see/@copy tag.
openbp-server\src\main\java\org\openbp\server\engine\EngineImpl.java(53): Missing argument for @see/@copy tag.
openbp-server\src\main\java\org\openbp\server\engine\EngineImpl.java(54): Missing argument for @see/@copy tag.
openbp-server\src\main\java\org\openbp\server\engine\EngineRunner.java(18): Missing argument for @see/@copy tag.
openbp-server\src\main\java\org\openbp\server\engine\EngineRunner.java(18): Missing argument for @see/@copy tag.
openbp-server\src\main\java\org\openbp\server\engine\EngineRunner.java(60): Missing argument for @see/@copy tag.
openbp-server\src\main\java\org\openbp\server\engine\EngineRunner.java(60): Missing argument for @see/@copy tag.
openbp-server\src\main\java\org\openbp\server\engine\EngineRunner.java(70): Missing argument for @see/@copy tag.
openbp-server\src\main\java\org\openbp\server\engine\EngineRunner.java(114): Missing argument for @see/@copy tag.
openbp-server\src\main\java\org\openbp\server\engine\EngineRunner.java(126): Missing argument for @see/@copy tag.
openbp-server\src\main\java\org\openbp\server\engine\EngineRunner.java(127): Missing argument for @see/@copy tag.
openbp-server\src\main\java\org\openbp\server\engine\EngineRunner.java(360): Missing argument for @see/@copy tag.
openbp-server\src\main\java\org\openbp\server\engine\EngineRunner.java(369): Missing argument for @see/@copy tag.
openbp-server\src\main\java\org\openbp\server\engine\Engine.java(34): Missing argument for @see/@copy tag.
openbp-server\src\main\java\org\openbp\server\engine\Engine.java(34): Missing argument for @see/@copy tag.
openbp-server\src\main\java\org\openbp\server\engine\Engine.java(34): Missing argument for @see/@copy tag.
openbp-server\src\main\java\org\openbp\server\engine\Engine.java(35): Missing argument for @see/@copy tag.
openbp-server\src\main\java\org\openbp\server\engine\debugger\DebuggerImpl.java(233): Missing argument for @see/@copy tag.
openbp-server\src\main\java\org\openbp\server\engine\debugger\DebuggerImpl.java(539): Missing argument for @see/@copy tag.
openbp-server\src\main\java\org\openbp\server\engine\debugger\DebuggerServiceImpl.java(122): Missing argument for @see/@copy tag.
openbp-server\src\main\java\org\openbp\server\engine\debugger\DebuggerServiceImpl.java(237): Missing argument for @see/@copy tag.
openbp-server\src\main\java\org\openbp\server\engine\debugger\Debugger.java(104): Missing argument for @see/@copy tag.
openbp-server\src\main\java\org\openbp\server\engine\debugger\Debugger.java(191): Missing argument for @see/@copy tag.
openbp-server\src\main\java\org\openbp\server\engine\debugger\Debugger.java(211): Missing argument for @see/@copy tag.
openbp-server\src\main\java\org\openbp\server\engine\debugger\Debugger.java(211): Missing argument for @see/@copy tag.
openbp-server\src\main\java\org\openbp\server\engine\debugger\Debugger.java(211): Missing argument for @see/@copy tag.
openbp-server\src\main\java\org\openbp\server\engine\debugger\Debugger.java(211): Missing argument for @see/@copy tag.
openbp-server\src\main\java\org\openbp\server\engine\debugger\Debugger.java(220): Missing argument for @see/@copy tag.
openbp-server\src\main\java\org\openbp\server\engine\debugger\Debugger.java(220): Missing argument for @see/@copy tag.
openbp-server\src\main\java\org\openbp\server\engine\debugger\Debugger.java(220): Missing argument for @see/@copy tag.
openbp-server\src\main\java\org\openbp\server\engine\debugger\Debugger.java(220): Missing argument for @see/@copy tag.
openbp-server\src\main\java\org\openbp\server\engine\script\ExpressionParser.java(54): Missing argument for @see/@copy tag.
openbp-server\src\main\java\org\openbp\server\engine\script\ExpressionParser.java(65): Missing argument for @see/@copy tag.
openbp-server\src\main\java\org\openbp\server\engine\script\ExpressionParser.java(448): Missing argument for @see/@copy tag.
openbp-server\src\main\java\org\openbp\server\engine\script\ScriptUtil.java(83): Missing argument for @see/@copy tag.
openbp-server\src\main\java\org\openbp\server\engine\script\ScriptEngineFactory.java(38): Missing argument for @see/@copy tag.
openbp-server\src\main\java\org\openbp\server\engine\script\ScriptEngineFactory.java(47): Missing argument for @see/@copy tag.
openbp-server\src\main\java\org\openbp\server\handler\HandlerContext.java(291): Missing argument for @see/@copy tag.
openbp-server\src\main\java\org\openbp\server\handler\HandlerContext.java(291): Missing argument for @see/@copy tag.
openbp-server\src\main\java\org\openbp\server\handler\HandlerContext.java(292): Missing argument for @see/@copy tag.
openbp-server\src\main\java\org\openbp\server\scheduler\ProcessJobDescriptor.java(32): Missing argument for @see/@copy tag.
openbp-server\src\main\java\org\openbp\server\scheduler\ProcessJobDescriptor.java(260): Missing argument for @see/@copy tag.
openbp-server\src\main\java\org\openbp\server\scheduler\ProcessJobDescriptor.java(260): Missing argument for @see/@copy tag.
openbp-server\src\main\java\org\openbp\server\scheduler\ProcessJobDescriptor.java(269): Missing argument for @see/@copy tag.
openbp-server\src\main\java\org\openbp\server\scheduler\ProcessJobDescriptor.java(269): Missing argument for @see/@copy tag.
openbp-server\src\main\java\org\openbp\server\scheduler\ProcessJobDescriptor.java(279): Missing argument for @see/@copy tag.
openbp-server\src\main\java\org\openbp\server\scheduler\ProcessJobDescriptor.java(279): Missing argument for @see/@copy tag.
openbp-server\src\main\java\org\openbp\server\scheduler\ProcessJobDescriptor.java(288): Missing argument for @see/@copy tag.
openbp-server\src\main\java\org\openbp\server\scheduler\ProcessJobDescriptor.java(288): Missing argument for @see/@copy tag.
openbp-server-cay\src\main\java\org\openbp\server\persistence\cayenne\CayennePersistenceContextProvider.java(66): Unknown class: BasicPersistenceContextProvider.
openbp-server-cay\src\main\java\org\openbp\server\persistence\cayenne\CayenneWorkflowTaskImpl.java(100): Missing argument for @see/@copy tag.
openbp-server-hib\src\main\java\org\openbp\server\persistence\hibernate\HibernatePersistenceContextProvider.java(58): Unknown class: BasicPersistenceContextProvider.
openbp-server\src\main\java\org\openbp\server\engine\script\ScriptEngineFactory.java(36): Parameter context not documented.
